0604test/app/build/intermediates/manifest_merge_blame_file/debug/manifest-merger-blame-debug-report.txt
1<?xml version="1.0" encoding="utf-8"?>
2<manifest xmlns:android="http://schemas.android.com/apk/res/android"
3    package="com.example.accesscall"
4    android:versionCode="1"
5    android:versionName="1.0" >
6
7    <uses-sdk
8        android:minSdkVersion="26"
8-->src\main\AndroidManifest.xml
9        android:targetSdkVersion="33" />
9-->src\main\AndroidManifest.xml
10
11    <uses-permission android:name="android.permission.ACCESS_MEDIA_LOCATION" />
11-->src\main\AndroidManifest.xml:5:5-80
11-->src\main\AndroidManifest.xml:5:22-77
12    <uses-permission android:name="android.permission.READ_MEDIA_AUDIO" />
12-->src\main\AndroidManifest.xml:6:5-75
12-->src\main\AndroidManifest.xml:6:22-72
13    <uses-permission android:name="android.permission.MANAGE_DOCUMENTS_EXTERNAL_STORAGE" />
13-->src\main\AndroidManifest.xml:7:5-92
13-->src\main\AndroidManifest.xml:7:22-89
14
15    <!-- 1차 판별 -->
16    <uses-permission android:name="android.permission.READ_PHONE_STATE" />
16-->src\main\AndroidManifest.xml:10:5-75
16-->src\main\AndroidManifest.xml:10:22-72
17    <uses-permission android:name="android.permission.READ_CALL_LOG" />
17-->src\main\AndroidManifest.xml:11:5-71
17-->src\main\AndroidManifest.xml:11:22-69
18    <!-- 2차 판별 -->
19    <uses-permission android:name="android.permission.INTERNET" />
19-->src\main\AndroidManifest.xml:13:5-67
19-->src\main\AndroidManifest.xml:13:22-64
20    <uses-permission android:name="android.permission.FOREGROUND_SERVICE" />
20-->src\main\AndroidManifest.xml:14:5-76
20-->src\main\AndroidManifest.xml:14:22-74
21    <uses-permission android:name="android.permission.VIBRATE" />
21-->src\main\AndroidManifest.xml:15:5-65
21-->src\main\AndroidManifest.xml:15:22-63
22    <!-- 접근성 -->
23    <uses-permission android:name="android.permission.WAKE_LOCK" />
23-->src\main\AndroidManifest.xml:17:5-68
23-->src\main\AndroidManifest.xml:17:22-65
24    <uses-permission android:name="android.permission.DISABLE_KEYGUARD" />
24-->src\main\AndroidManifest.xml:18:5-75
24-->src\main\AndroidManifest.xml:18:22-72
25    <uses-permission android:name="android.permission.SYSTEM_ALERT_WINDOW" />
25-->src\main\AndroidManifest.xml:19:5-78
25-->src\main\AndroidManifest.xml:19:22-75
26    <uses-permission android:name="android.permission.RECORD_AUDIO" />
26-->src\main\AndroidManifest.xml:20:5-71
26-->src\main\AndroidManifest.xml:20:22-68
27    <uses-permission android:name="android.permission.CAPTURE_VIDEO_OUTPUT" />
27-->src\main\AndroidManifest.xml:21:5-22:47
27-->src\main\AndroidManifest.xml:21:22-76
28    <uses-permission android:name="android.permission.READ_PHONE_STATE" />
28-->src\main\AndroidManifest.xml:10:5-75
28-->src\main\AndroidManifest.xml:10:22-72
29    <uses-permission android:name="android.permission.GET_ACCOUNTS" />
29-->src\main\AndroidManifest.xml:24:5-71
29-->src\main\AndroidManifest.xml:24:22-68
30    <uses-permission android:name="android.permission.ACCESS_NETWORK_STATE" />
30-->[com.google.firebase:firebase-inappmessaging-display:20.3.2] AndroidManifest.xml:9:5-79
30-->[com.google.firebase:firebase-inappmessaging-display:20.3.2] AndroidManifest.xml:9:22-76
31
32    <queries>
32-->[com.google.firebase:firebase-inappmessaging-display:20.3.2] AndroidManifest.xml:12:5-18:15
33        <intent>
33-->[com.google.firebase:firebase-inappmessaging-display:20.3.2] AndroidManifest.xml:13:9-17:18
34            <action android:name="android.intent.action.VIEW" />
34-->[com.google.firebase:firebase-inappmessaging-display:20.3.2] AndroidManifest.xml:14:13-65
34-->[com.google.firebase:firebase-inappmessaging-display:20.3.2] AndroidManifest.xml:14:21-62
35
36            <data android:scheme="https" />
36-->[com.google.firebase:firebase-inappmessaging-display:20.3.2] AndroidManifest.xml:16:13-44
36-->[com.google.firebase:firebase-inappmessaging-display:20.3.2] AndroidManifest.xml:16:19-41
37        </intent>
38    </queries>
39
40    <uses-permission android:name="android.permission.POST_NOTIFICATIONS" /> <!-- Required by older versions of Google Play services to create IID tokens -->
40-->[com.google.firebase:firebase-messaging:23.1.2] AndroidManifest.xml:25:5-77
40-->[com.google.firebase:firebase-messaging:23.1.2] AndroidManifest.xml:25:22-74
41    <uses-permission android:name="com.google.android.c2dm.permission.RECEIVE" />
41-->[com.google.firebase:firebase-messaging:23.1.2] AndroidManifest.xml:28:5-82
41-->[com.google.firebase:firebase-messaging:23.1.2] AndroidManifest.xml:28:22-79
42    <uses-permission android:name="com.google.android.gms.permission.AD_ID" />
42-->[com.google.android.gms:play-services-measurement-api:21.2.2] AndroidManifest.xml:25:5-79
42-->[com.google.android.gms:play-services-measurement-api:21.2.2] AndroidManifest.xml:25:22-76
43    <uses-permission android:name="com.google.android.finsky.permission.BIND_GET_INSTALL_REFERRER_SERVICE" />
43-->[com.google.android.gms:play-services-measurement:21.2.2] AndroidManifest.xml:26:5-110
43-->[com.google.android.gms:play-services-measurement:21.2.2] AndroidManifest.xml:26:22-107
44
45    <application
45-->src\main\AndroidManifest.xml:27:5-93:19
46        android:allowBackup="true"
46-->src\main\AndroidManifest.xml:29:9-35
47        android:appComponentFactory="androidx.core.app.CoreComponentFactory"
47-->[androidx.core:core:1.8.0] AndroidManifest.xml:24:18-86
48        android:dataExtractionRules="@xml/data_extraction_rules"
48-->src\main\AndroidManifest.xml:30:9-65
49        android:debuggable="true"
50        android:extractNativeLibs="false"
51        android:fullBackupContent="@xml/backup_rules"
51-->src\main\AndroidManifest.xml:31:9-54
52        android:icon="@mipmap/ic_launcher"
52-->src\main\AndroidManifest.xml:34:9-43
53        android:label="@string/app_name"
53-->src\main\AndroidManifest.xml:35:9-41
54        android:requestLegacyExternalStorage="true"
54-->src\main\AndroidManifest.xml:28:9-52
55        android:roundIcon="@mipmap/ic_launcher_round"
55-->src\main\AndroidManifest.xml:36:9-54
56        android:supportsRtl="true"
56-->src\main\AndroidManifest.xml:37:9-35
57        android:testOnly="true"
58        android:theme="@style/Theme.AppCompat.Light.NoActionBar"
58-->src\main\AndroidManifest.xml:38:9-65
59        android:usesCleartextTraffic="true" >
59-->src\main\AndroidManifest.xml:32:9-44
60        <receiver
60-->src\main\AndroidManifest.xml:41:9-48:20
61            android:name="com.example.accesscall.CallReceiver"
61-->src\main\AndroidManifest.xml:42:13-41
62            android:enabled="true"
62-->src\main\AndroidManifest.xml:43:13-35
63            android:exported="true" >
63-->src\main\AndroidManifest.xml:44:13-36
64            <intent-filter>
64-->src\main\AndroidManifest.xml:45:13-47:29
65                <action android:name="android.intent.action.PHONE_STATE" />
65-->src\main\AndroidManifest.xml:46:17-76
65-->src\main\AndroidManifest.xml:46:25-73
66            </intent-filter>
67        </receiver>
68
69        <activity
69-->src\main\AndroidManifest.xml:50:9-63:20
70            android:name="com.example.accesscall.MainActivity"
70-->src\main\AndroidManifest.xml:51:13-41
71            android:exported="true"
71-->src\main\AndroidManifest.xml:53:13-36
72            android:screenOrientation="portrait" >
72-->src\main\AndroidManifest.xml:52:13-49
73            <intent-filter>
73-->src\main\AndroidManifest.xml:54:13-58:29
74                <action android:name="android.intent.action.MAIN" />
74-->src\main\AndroidManifest.xml:55:17-69
74-->src\main\AndroidManifest.xml:55:25-66
75
76                <category android:name="android.intent.category.LAUNCHER" />
76-->src\main\AndroidManifest.xml:57:17-77
76-->src\main\AndroidManifest.xml:57:27-74
77            </intent-filter>
78
79            <meta-data
79-->src\main\AndroidManifest.xml:60:13-62:36
80                android:name="android.app.lib_name"
80-->src\main\AndroidManifest.xml:61:17-52
81                android:value="" />
81-->src\main\AndroidManifest.xml:62:17-33
82        </activity>
83
84        <service
84-->src\main\AndroidManifest.xml:65:9-69:74
85            android:name="com.example.accesscall.AlertWindow"
85-->src\main\AndroidManifest.xml:66:13-40
86            android:enabled="true"
86-->src\main\AndroidManifest.xml:67:13-35
87            android:exported="true"
87-->src\main\AndroidManifest.xml:68:13-36
88            android:permission="android.permission.SYSTEM_ALERT_WINDOW" />
88-->src\main\AndroidManifest.xml:69:13-72
89        <service
89-->src\main\AndroidManifest.xml:71:9-82:19
90            android:name="com.example.accesscall.AccessivilityTest"
90-->src\main\AndroidManifest.xml:72:13-46
91            android:exported="true"
91-->src\main\AndroidManifest.xml:75:13-36
92            android:label="@string/accessibility_service_name"
92-->src\main\AndroidManifest.xml:73:13-63
93            android:permission="android.permission.BIND_ACCESSIBILITY_SERVICE" >
93-->src\main\AndroidManifest.xml:74:13-79
94            <intent-filter>
94-->src\main\AndroidManifest.xml:76:13-78:29
95                <action android:name="android.accessibilityservice.AccessibilityService" />
95-->src\main\AndroidManifest.xml:77:17-92
95-->src\main\AndroidManifest.xml:77:25-89
96            </intent-filter>
97
98            <meta-data
98-->src\main\AndroidManifest.xml:79:13-81:72
99                android:name="android.accessibilityservice"
99-->src\main\AndroidManifest.xml:80:17-60
100                android:resource="@xml/accessibility_service_config" />
100-->src\main\AndroidManifest.xml:81:17-69
101        </service>
102        <service
102-->src\main\AndroidManifest.xml:84:9-91:19
103            android:name="com.example.accesscall.MyFirebaseMessagingService"
103-->src\main\AndroidManifest.xml:85:13-54
104            android:directBootAware="true"
104-->src\main\AndroidManifest.xml:87:13-43
105            android:exported="false" >
105-->src\main\AndroidManifest.xml:86:13-37
106            <intent-filter>
106-->src\main\AndroidManifest.xml:88:13-90:29
107                <action android:name="com.google.firebase.MESSAGING_EVENT" />
107-->src\main\AndroidManifest.xml:89:17-78
107-->src\main\AndroidManifest.xml:89:25-75
108            </intent-filter>
109        </service>
110        <service
110-->[com.google.firebase:firebase-inappmessaging-display:20.3.2] AndroidManifest.xml:21:9-27:19
111            android:name="com.google.firebase.components.ComponentDiscoveryService"
111-->[com.google.firebase:firebase-inappmessaging-display:20.3.2] AndroidManifest.xml:22:13-84
112            android:directBootAware="true"
112-->[com.google.firebase:firebase-common:20.3.2] AndroidManifest.xml:34:13-43
113            android:exported="false" >
113-->[com.google.firebase:firebase-inappmessaging-display:20.3.2] AndroidManifest.xml:23:13-37
114            <meta-data
114-->[com.google.firebase:firebase-inappmessaging-display:20.3.2] AndroidManifest.xml:24:13-26:85
115                android:name="com.google.firebase.components:com.google.firebase.inappmessaging.display.FirebaseInAppMessagingDisplayRegistrar"
115-->[com.google.firebase:firebase-inappmessaging-display:20.3.2] AndroidManifest.xml:25:17-144
116                android:value="com.google.firebase.components.ComponentRegistrar" />
116-->[com.google.firebase:firebase-inappmessaging-display:20.3.2] AndroidManifest.xml:26:17-82
117            <meta-data
117-->[com.google.firebase:firebase-messaging:23.1.2] AndroidManifest.xml:55:13-57:85
118                android:name="com.google.firebase.components:com.google.firebase.messaging.FirebaseMessagingRegistrar"
118-->[com.google.firebase:firebase-messaging:23.1.2] AndroidManifest.xml:56:17-119
119                android:value="com.google.firebase.components.ComponentRegistrar" />
119-->[com.google.firebase:firebase-messaging:23.1.2] AndroidManifest.xml:57:17-82
120            <meta-data
120-->[com.google.firebase:firebase-inappmessaging:20.3.2] AndroidManifest.xml:16:13-18:85
121                android:name="com.google.firebase.components:com.google.firebase.inappmessaging.FirebaseInAppMessagingRegistrar"
121-->[com.google.firebase:firebase-inappmessaging:20.3.2] AndroidManifest.xml:17:17-129
122                android:value="com.google.firebase.components.ComponentRegistrar" />
122-->[com.google.firebase:firebase-inappmessaging:20.3.2] AndroidManifest.xml:18:17-82
123            <meta-data
123-->[com.google.firebase:firebase-datatransport:18.1.7] AndroidManifest.xml:27:13-29:85
124                android:name="com.google.firebase.components:com.google.firebase.datatransport.TransportRegistrar"
124-->[com.google.firebase:firebase-datatransport:18.1.7] AndroidManifest.xml:28:17-115
125                android:value="com.google.firebase.components.ComponentRegistrar" />
125-->[com.google.firebase:firebase-datatransport:18.1.7] AndroidManifest.xml:29:17-82
126            <meta-data
126-->[com.google.android.gms:play-services-measurement-api:21.2.2] AndroidManifest.xml:31:13-33:85
127                android:name="com.google.firebase.components:com.google.firebase.analytics.connector.internal.AnalyticsConnectorRegistrar"
127-->[com.google.android.gms:play-services-measurement-api:21.2.2] AndroidManifest.xml:32:17-139
128                android:value="com.google.firebase.components.ComponentRegistrar" />
128-->[com.google.android.gms:play-services-measurement-api:21.2.2] AndroidManifest.xml:33:17-82
129            <meta-data
129-->[com.google.firebase:firebase-installations:17.1.3] AndroidManifest.xml:17:13-19:85
130                android:name="com.google.firebase.components:com.google.firebase.installations.FirebaseInstallationsRegistrar"
130-->[com.google.firebase:firebase-installations:17.1.3] AndroidManifest.xml:18:17-127
131                android:value="com.google.firebase.components.ComponentRegistrar" />
131-->[com.google.firebase:firebase-installations:17.1.3] AndroidManifest.xml:19:17-82
132            <meta-data
132-->[com.google.firebase:firebase-abt:21.1.1] AndroidManifest.xml:12:13-14:85
133                android:name="com.google.firebase.components:com.google.firebase.abt.component.AbtRegistrar"
133-->[com.google.firebase:firebase-abt:21.1.1] AndroidManifest.xml:13:17-109
134                android:value="com.google.firebase.components.ComponentRegistrar" />
134-->[com.google.firebase:firebase-abt:21.1.1] AndroidManifest.xml:14:17-82
135        </service>
136
137        <receiver
137-->[com.google.firebase:firebase-messaging:23.1.2] AndroidManifest.xml:31:9-38:20
138            android:name="com.google.firebase.iid.FirebaseInstanceIdReceiver"
138-->[com.google.firebase:firebase-messaging:23.1.2] AndroidManifest.xml:32:13-78
139            android:exported="true"
139-->[com.google.firebase:firebase-messaging:23.1.2] AndroidManifest.xml:33:13-36
140            android:permission="com.google.android.c2dm.permission.SEND" >
140-->[com.google.firebase:firebase-messaging:23.1.2] AndroidManifest.xml:34:13-73
141            <intent-filter>
141-->[com.google.firebase:firebase-messaging:23.1.2] AndroidManifest.xml:35:13-37:29
142                <action android:name="com.google.android.c2dm.intent.RECEIVE" />
142-->[com.google.firebase:firebase-messaging:23.1.2] AndroidManifest.xml:36:17-81
142-->[com.google.firebase:firebase-messaging:23.1.2] AndroidManifest.xml:36:25-78
143            </intent-filter>
144        </receiver>
145        <!--
146             FirebaseMessagingService performs security checks at runtime,
147             but set to not exported to explicitly avoid allowing another app to call it.
148        -->
149        <service
149-->[com.google.firebase:firebase-messaging:23.1.2] AndroidManifest.xml:44:9-51:19
150            android:name="com.google.firebase.messaging.FirebaseMessagingService"
150-->[com.google.firebase:firebase-messaging:23.1.2] AndroidManifest.xml:45:13-82
151            android:directBootAware="true"
151-->[com.google.firebase:firebase-messaging:23.1.2] AndroidManifest.xml:46:13-43
152            android:exported="false" >
152-->[com.google.firebase:firebase-messaging:23.1.2] AndroidManifest.xml:47:13-37
153            <intent-filter android:priority="-500" >
153-->src\main\AndroidManifest.xml:88:13-90:29
154                <action android:name="com.google.firebase.MESSAGING_EVENT" />
154-->src\main\AndroidManifest.xml:89:17-78
154-->src\main\AndroidManifest.xml:89:25-75
155            </intent-filter>
156        </service>
157        <service
157-->[com.google.android.datatransport:transport-backend-cct:3.1.8] AndroidManifest.xml:28:9-34:19
158            android:name="com.google.android.datatransport.runtime.backends.TransportBackendDiscovery"
158-->[com.google.android.datatransport:transport-backend-cct:3.1.8] AndroidManifest.xml:29:13-103
159            android:exported="false" >
159-->[com.google.android.datatransport:transport-backend-cct:3.1.8] AndroidManifest.xml:30:13-37
160            <meta-data
160-->[com.google.android.datatransport:transport-backend-cct:3.1.8] AndroidManifest.xml:31:13-33:39
161                android:name="backend:com.google.android.datatransport.cct.CctBackendFactory"
161-->[com.google.android.datatransport:transport-backend-cct:3.1.8] AndroidManifest.xml:32:17-94
162                android:value="cct" />
162-->[com.google.android.datatransport:transport-backend-cct:3.1.8] AndroidManifest.xml:33:17-36
163        </service>
164        <service
164-->[com.google.android.datatransport:transport-runtime:3.1.8] AndroidManifest.xml:26:9-30:19
165            android:name="com.google.android.datatransport.runtime.scheduling.jobscheduling.JobInfoSchedulerService"
165-->[com.google.android.datatransport:transport-runtime:3.1.8] AndroidManifest.xml:27:13-117
166            android:exported="false"
166-->[com.google.android.datatransport:transport-runtime:3.1.8] AndroidManifest.xml:28:13-37
167            android:permission="android.permission.BIND_JOB_SERVICE" >
167-->[com.google.android.datatransport:transport-runtime:3.1.8] AndroidManifest.xml:29:13-69
168        </service>
169
170        <receiver
170-->[com.google.android.datatransport:transport-runtime:3.1.8] AndroidManifest.xml:32:9-34:40
171            android:name="com.google.android.datatransport.runtime.scheduling.jobscheduling.AlarmManagerSchedulerBroadcastReceiver"
171-->[com.google.android.datatransport:transport-runtime:3.1.8] AndroidManifest.xml:33:13-132
172            android:exported="false" />
172-->[com.google.android.datatransport:transport-runtime:3.1.8] AndroidManifest.xml:34:13-37
173
174        <provider
174-->[com.google.firebase:firebase-common:20.3.2] AndroidManifest.xml:25:9-30:39
175            android:name="com.google.firebase.provider.FirebaseInitProvider"
175-->[com.google.firebase:firebase-common:20.3.2] AndroidManifest.xml:26:13-77
176            android:authorities="com.example.accesscall.firebaseinitprovider"
176-->[com.google.firebase:firebase-common:20.3.2] AndroidManifest.xml:27:13-72
177            android:directBootAware="true"
177-->[com.google.firebase:firebase-common:20.3.2] AndroidManifest.xml:28:13-43
178            android:exported="false"
178-->[com.google.firebase:firebase-common:20.3.2] AndroidManifest.xml:29:13-37
179            android:initOrder="100" />
179-->[com.google.firebase:firebase-common:20.3.2] AndroidManifest.xml:30:13-36
180
181        <activity
181-->[com.google.android.gms:play-services-base:18.0.1] AndroidManifest.xml:20:9-22:45
182            android:name="com.google.android.gms.common.api.GoogleApiActivity"
182-->[com.google.android.gms:play-services-base:18.0.1] AndroidManifest.xml:20:19-85
183            android:exported="false"
183-->[com.google.android.gms:play-services-base:18.0.1] AndroidManifest.xml:22:19-43
184            android:theme="@android:style/Theme.Translucent.NoTitleBar" />
184-->[com.google.android.gms:play-services-base:18.0.1] AndroidManifest.xml:21:19-78
185
186        <receiver
186-->[com.google.android.gms:play-services-measurement:21.2.2] AndroidManifest.xml:29:9-33:20
187            android:name="com.google.android.gms.measurement.AppMeasurementReceiver"
187-->[com.google.android.gms:play-services-measurement:21.2.2] AndroidManifest.xml:30:13-85
188            android:enabled="true"
188-->[com.google.android.gms:play-services-measurement:21.2.2] AndroidManifest.xml:31:13-35
189            android:exported="false" >
189-->[com.google.android.gms:play-services-measurement:21.2.2] AndroidManifest.xml:32:13-37
190        </receiver>
191
192        <service
192-->[com.google.android.gms:play-services-measurement:21.2.2] AndroidManifest.xml:35:9-38:40
193            android:name="com.google.android.gms.measurement.AppMeasurementService"
193-->[com.google.android.gms:play-services-measurement:21.2.2] AndroidManifest.xml:36:13-84
194            android:enabled="true"
194-->[com.google.android.gms:play-services-measurement:21.2.2] AndroidManifest.xml:37:13-35
195            android:exported="false" />
195-->[com.google.android.gms:play-services-measurement:21.2.2] AndroidManifest.xml:38:13-37
196        <service
196-->[com.google.android.gms:play-services-measurement:21.2.2] AndroidManifest.xml:39:9-43:72
197            android:name="com.google.android.gms.measurement.AppMeasurementJobService"
197-->[com.google.android.gms:play-services-measurement:21.2.2] AndroidManifest.xml:40:13-87
198            android:enabled="true"
198-->[com.google.android.gms:play-services-measurement:21.2.2] AndroidManifest.xml:41:13-35
199            android:exported="false"
199-->[com.google.android.gms:play-services-measurement:21.2.2] AndroidManifest.xml:42:13-37
200            android:permission="android.permission.BIND_JOB_SERVICE" />
200-->[com.google.android.gms:play-services-measurement:21.2.2] AndroidManifest.xml:43:13-69
201
202        <meta-data
202-->[com.google.android.gms:play-services-basement:18.1.0] AndroidManifest.xml:21:9-23:69
203            android:name="com.google.android.gms.version"
203-->[com.google.android.gms:play-services-basement:18.1.0] AndroidManifest.xml:22:13-58
204            android:value="@integer/google_play_services_version" />
204-->[com.google.android.gms:play-services-basement:18.1.0] AndroidManifest.xml:23:13-66
205
206        <provider
206-->[androidx.emoji2:emoji2:1.2.0] AndroidManifest.xml:24:9-32:20
207            android:name="androidx.startup.InitializationProvider"
207-->[androidx.emoji2:emoji2:1.2.0] AndroidManifest.xml:25:13-67
208            android:authorities="com.example.accesscall.androidx-startup"
208-->[androidx.emoji2:emoji2:1.2.0] AndroidManifest.xml:26:13-68
209            android:exported="false" >
209-->[androidx.emoji2:emoji2:1.2.0] AndroidManifest.xml:27:13-37
210            <meta-data
210-->[androidx.emoji2:emoji2:1.2.0] AndroidManifest.xml:29:13-31:52
211                android:name="androidx.emoji2.text.EmojiCompatInitializer"
211-->[androidx.emoji2:emoji2:1.2.0] AndroidManifest.xml:30:17-75
212                android:value="androidx.startup" />
212-->[androidx.emoji2:emoji2:1.2.0] AndroidManifest.xml:31:17-49
213            <meta-data
213-->[androidx.lifecycle:lifecycle-process:2.4.1] AndroidManifest.xml:31:13-33:52
214                android:name="androidx.lifecycle.ProcessLifecycleInitializer"
214-->[androidx.lifecycle:lifecycle-process:2.4.1] AndroidManifest.xml:32:17-78
215                android:value="androidx.startup" />
215-->[androidx.lifecycle:lifecycle-process:2.4.1] AndroidManifest.xml:33:17-49
216        </provider>
217    </application>
218
219</manifest>